<?xml version="1.0" encoding="UTF-8"?>
<testsuite xmlns:xsi="http://www.w3.org/2001/XMLSchema-instance" xsi:noNamespaceSchemaLocation="https://maven.apache.org/surefire/maven-surefire-plugin/xsd/surefire-test-report-3.0.xsd" version="3.0" name="org.csystem.util.bitwise.BitwiseUtilIndicesOfSetBitsShortTest" time="0" tests="7" errors="0" skipped="0" failures="0">
  <properties>
[...]
</properties>
  <testcase name="givenValue_whenValueIsShort_thenReturnNumberOfSetBits[0]" classname="org.csystem.util.bitwise.BitwiseUtilIndicesOfSetBitsShortTest" time="0"/>
  <testcase name="givenValue_whenValueIsShort_thenReturnNumberOfSetBits[1]" classname="org.csystem.util.bitwise.BitwiseUtilIndicesOfSetBitsShortTest" time="0"/>
  <testcase name="givenValue_whenValueIsShort_thenReturnNumberOfSetBits[2]" classname="org.csystem.util.bitwise.BitwiseUtilIndicesOfSetBitsShortTest" time="0"/>
  <testcase name="givenValue_whenValueIsShort_thenReturnNumberOfSetBits[3]" classname="org.csystem.util.bitwise.BitwiseUtilIndicesOfSetBitsShortTest" time="0"/>
  <testcase name="givenValue_whenValueIsShort_thenReturnNumberOfSetBits[4]" classname="org.csystem.util.bitwise.BitwiseUtilIndicesOfSetBitsShortTest" time="0"/>
  <testcase name="givenValue_whenValueIsShort_thenReturnNumberOfSetBits[5]" classname="org.csystem.util.bitwise.BitwiseUtilIndicesOfSetBitsShortTest" time="0"/>
  <testcase name="givenValue_whenValueIsShort_thenReturnNumberOfSetBits[6]" classname="org.csystem.util.bitwise.BitwiseUtilIndicesOfSetBitsShortTest" time="0"/>
</testsuite>