<?xml version="1.0" encoding="UTF-8"?>
<testsuite xmlns:xsi="http://www.w3.org/2001/XMLSchema-instance" xsi:noNamespaceSchemaLocation="https://maven.apache.org/surefire/maven-surefire-plugin/xsd/surefire-test-report.xsd" name="org.csystem.util.string.StringUtilSqueezeTest" time="0" tests="4" errors="0" skipped="0" failures="0">
  <properties>
[...]
</properties>
  <testcase name="givenTwoString_thenReturnStringSqueezed[0]" classname="org.csystem.util.string.StringUtilSqueezeTest" time="0"/>
  <testcase name="givenTwoString_thenReturnStringSqueezed[1]" classname="org.csystem.util.string.StringUtilSqueezeTest" time="0"/>
  <testcase name="givenTwoString_thenReturnStringSqueezed[2]" classname="org.csystem.util.string.StringUtilSqueezeTest" time="0"/>
  <testcase name="givenTwoString_thenReturnStringSqueezed[3]" classname="org.csystem.util.string.StringUtilSqueezeTest" time="0"/>
</testsuite>